<?xml version="1.0" encoding="UTF-8"?>
<!-- Generated by org.testng.reporters.JUnitReportReporter -->
<testsuite hostname="Ganesankavi" name="testcases.TC001_Login" tests="2" failures="0" timestamp="9 Jan 2017 05:06:19 GMT" time="94.677" errors="0">
  <testcase name="login" time="44.584" classname="testcases.TC001_Login"/>
  <testcase name="login" time="50.093" classname="testcases.TC001_Login"/>
</testsuite> <!-- testcases.TC001_Login -->
